#
# There is insufficient memory for the Java Runtime Environment to continue.
# Native memory allocation (malloc) failed to allocate 1621856 bytes. Error detail: Chunk::new
# Possible reasons:
#   The system is out of physical RAM or swap space
#   This process is running with CompressedOops enabled, and the Java Heap may be blocking the growth of the native heap
# Possible solutions:
#   Reduce memory load on the system
#   Increase physical memory or swap space
#   Check if swap backing store is full
#   Decrease Java heap size (-Xmx/-Xms)
#   Decrease number of Java threads
#   Decrease Java thread stack sizes (-Xss)
#   Set larger code cache with -XX:ReservedCodeCacheSize=
#   JVM is running with Unscaled Compressed Oops mode in which the Java heap is
#     placed in the first 4GB address space. The Java Heap base address is the
#     maximum limit for the native heap growth. Please use -XX:HeapBaseMinAddress
#     to set the Java Heap base and to place the Java Heap above 4GB virtual address.
# This output file may be truncated or incomplete.
#
#  Out of Memory Error (arena.cpp:168), pid=14344, tid=8168
#
# JRE version: OpenJDK Runtime Environment Temurin-21.0.6+7 (21.0.6+7) (build 21.0.6+7-LTS)
# Java VM: OpenJDK 64-Bit Server VM Temurin-21.0.6+7 (21.0.6+7-LTS, mixed mode, sharing, tiered, compressed oops, compressed class ptrs, parallel gc, windows-amd64)
# No core dump will be written. Minidumps are not enabled by default on client versions of Windows
#

---------------  S U M M A R Y ------------

Command Line: --add-modules=ALL-SYSTEM --add-opens=java.base/java.util=ALL-UNNAMED --add-opens=java.base/java.lang=ALL-UNNAMED --add-opens=java.base/sun.nio.fs=ALL-UNNAMED -Declipse.application=org.eclipse.jdt.ls.core.id1 -Dosgi.bundles.defaultStartLevel=4 -Declipse.product=org.eclipse.jdt.ls.core.product -Djava.import.generatesMetadataFilesAtProjectRoot=false -DDetectVMInstallationsJob.disabled=true -Dfile.encoding=utf8 -XX:+UseParallelGC -XX:GCTimeRatio=4 -XX:AdaptiveSizePolicyWeight=90 -Dsun.zip.disableMemoryMapping=true -Xmx1G -Xms100m -Xlog:disable -javaagent:c:\Users\Tejas\.vscode\extensions\redhat.java-1.40.0-win32-x64\lombok\lombok-1.18.36.jar c:\Users\Tejas\.vscode\extensions\redhat.java-1.40.0-win32-x64\server\plugins\org.eclipse.equinox.launcher_1.6.1000.v20250131-0606.jar -configuration c:\Users\Tejas\AppData\Roaming\Code\User\globalStorage\redhat.java\1.40.0\config_ss_win -data c:\Users\Tejas\AppData\Roaming\Code\User\workspaceStorage\6fc80b158846d12adea2c9901dfcd384\redhat.java\ss_ws --pipe=\\.\pipe\lsp-f961ebd167dce8db9df7d8b80ec497fd-sock

Host: AMD Ryzen 7 4800H with Radeon Graphics         , 16 cores, 7G,  Windows 11 , 64 bit Build 26100 (10.0.26100.3323)
Time: Wed Mar 12 15:09:20 2025 India Standard Time elapsed time: 6.795004 seconds (0d 0h 0m 6s)

---------------  T H R E A D  ---------------

Current thread (0x0000024e45e64fb0):  JavaThread "C2 CompilerThread2" daemon [_thread_in_native, id=8168, stack(0x000000cc90700000,0x000000cc90800000) (1024K)]


Current CompileTask:
C2:6795 3009       4       java.lang.invoke.MethodType::makeImpl (109 bytes)

Stack: [0x000000cc90700000,0x000000cc90800000]
Native frames: (J=compiled Java code, j=interpreted, Vv=VM code, C=native code)
V  [jvm.dll+0x6cdee9]
V  [jvm.dll+0x8a83d1]
V  [jvm.dll+0x8aa8fe]
V  [jvm.dll+0x8aafe3]
V  [jvm.dll+0x27f706]
V  [jvm.dll+0xc500d]
V  [jvm.dll+0xc5543]
V  [jvm.dll+0x3b678c]
V  [jvm.dll+0x382935]
V  [jvm.dll+0x381d9a]
V  [jvm.dll+0x2479f0]
V  [jvm.dll+0x246fcf]
V  [jvm.dll+0x1c75ee]
V  [jvm.dll+0x25685a]
V  [jvm.dll+0x254dfa]
V  [jvm.dll+0x3f0256]
V  [jvm.dll+0x851f8b]
V  [jvm.dll+0x6cc5ed]
C  [ucrtbase.dll+0x37b0]
C  [KERNEL32.DLL+0x2e8d7]
C  [ntdll.dll+0xbbf6c]


---------------  P R O C E S S  ---------------

Threads class SMR info:
_java_thread_list=0x0000024e467c8a70, length=22, elements={
0x0000024e6883ae10, 0x0000024e7e2e83e0, 0x0000024e7e2e96d0, 0x0000024e7e2ed390,
0x0000024e7e2edfe0, 0x0000024e7e2f1f00, 0x0000024e7e2f6010, 0x0000024e7e30fb00,
0x0000024e7e314100, 0x0000024e7e4094e0, 0x0000024e7e42da60, 0x0000024e450185b0,
0x0000024e45942060, 0x0000024e459b8e20, 0x0000024e45822bd0, 0x0000024e4580ecd0,
0x0000024e45983610, 0x0000024e45b5bed0, 0x0000024e45e11a90, 0x0000024e45c950e0,
0x0000024e45c75fb0, 0x0000024e45e64fb0
}

Java Threads: ( => current thread )
  0x0000024e6883ae10 JavaThread "main"                              [_thread_blocked, id=15064, stack(0x000000cc8f600000,0x000000cc8f700000) (1024K)]
  0x0000024e7e2e83e0 JavaThread "Reference Handler"          daemon [_thread_blocked, id=2880, stack(0x000000cc8fa00000,0x000000cc8fb00000) (1024K)]
  0x0000024e7e2e96d0 JavaThread "Finalizer"                  daemon [_thread_blocked, id=20876, stack(0x000000cc8fb00000,0x000000cc8fc00000) (1024K)]
  0x0000024e7e2ed390 JavaThread "Signal Dispatcher"          daemon [_thread_blocked, id=20488, stack(0x000000cc8fc00000,0x000000cc8fd00000) (1024K)]
  0x0000024e7e2edfe0 JavaThread "Attach Listener"            daemon [_thread_blocked, id=22524, stack(0x000000cc8fd00000,0x000000cc8fe00000) (1024K)]
  0x0000024e7e2f1f00 JavaThread "Service Thread"             daemon [_thread_blocked, id=5256, stack(0x000000cc8fe00000,0x000000cc8ff00000) (1024K)]
  0x0000024e7e2f6010 JavaThread "Monitor Deflation Thread"   daemon [_thread_blocked, id=7308, stack(0x000000cc8ff00000,0x000000cc90000000) (1024K)]
  0x0000024e7e30fb00 JavaThread "C2 CompilerThread0"         daemon [_thread_blocked, id=14012, stack(0x000000cc90000000,0x000000cc90100000) (1024K)]
  0x0000024e7e314100 JavaThread "C1 CompilerThread0"         daemon [_thread_blocked, id=5752, stack(0x000000cc90100000,0x000000cc90200000) (1024K)]
  0x0000024e7e4094e0 JavaThread "Common-Cleaner"             daemon [_thread_blocked, id=19644, stack(0x000000cc90200000,0x000000cc90300000) (1024K)]
  0x0000024e7e42da60 JavaThread "C1 CompilerThread1"         daemon [_thread_blocked, id=17120, stack(0x000000cc90300000,0x000000cc90400000) (1024K)]
  0x0000024e450185b0 JavaThread "Notification Thread"        daemon [_thread_blocked, id=12788, stack(0x000000cc90600000,0x000000cc90700000) (1024K)]
  0x0000024e45942060 JavaThread "Active Thread: Equinox Container: 6aa449cb-2762-4ed5-95b4-ff525431f763"        [_thread_blocked, id=17304, stack(0x000000cc90f00000,0x000000cc91000000) (1024K)]
  0x0000024e459b8e20 JavaThread "Framework Event Dispatcher: Equinox Container: 6aa449cb-2762-4ed5-95b4-ff525431f763" daemon [_thread_blocked, id=21172, stack(0x000000cc91000000,0x000000cc91100000) (1024K)]
  0x0000024e45822bd0 JavaThread "Start Level: Equinox Container: 6aa449cb-2762-4ed5-95b4-ff525431f763" daemon [_thread_in_native, id=15904, stack(0x000000cc91100000,0x000000cc91200000) (1024K)]
  0x0000024e4580ecd0 JavaThread "SCR Component Actor"        daemon [_thread_blocked, id=15248, stack(0x000000cc91400000,0x000000cc91500000) (1024K)]
  0x0000024e45983610 JavaThread "SCR Component Registry"     daemon [_thread_blocked, id=3092, stack(0x000000cc91500000,0x000000cc91600000) (1024K)]
  0x0000024e45b5bed0 JavaThread "Worker-JM"                         [_thread_blocked, id=20548, stack(0x000000cc90e00000,0x000000cc90f00000) (1024K)]
  0x0000024e45e11a90 JavaThread "Worker-0"                          [_thread_blocked, id=13788, stack(0x000000cc91800000,0x000000cc91900000) (1024K)]
  0x0000024e45c950e0 JavaThread "Worker-1"                          [_thread_blocked, id=14892, stack(0x000000cc91900000,0x000000cc91a00000) (1024K)]
  0x0000024e45c75fb0 JavaThread "C2 CompilerThread1"         daemon [_thread_blocked, id=3912, stack(0x000000cc90500000,0x000000cc90600000) (1024K)]
=>0x0000024e45e64fb0 JavaThread "C2 CompilerThread2"         daemon [_thread_in_native, id=8168, stack(0x000000cc90700000,0x000000cc90800000) (1024K)]
Total: 22

Other Threads:
  0x0000024e688feab0 VMThread "VM Thread"                           [id=19776, stack(0x000000cc8f900000,0x000000cc8fa00000) (1024K)]
  0x0000024e7cb0ca00 WatcherThread "VM Periodic Task Thread"        [id=16740, stack(0x000000cc8f800000,0x000000cc8f900000) (1024K)]
  0x0000024e68859ce0 WorkerThread "GC Thread#0"                     [id=17424, stack(0x000000cc8f700000,0x000000cc8f800000) (1024K)]
  0x0000024e450e7640 WorkerThread "GC Thread#1"                     [id=11440, stack(0x000000cc90900000,0x000000cc90a00000) (1024K)]
  0x0000024e450e6080 WorkerThread "GC Thread#2"                     [id=12560, stack(0x000000cc90a00000,0x000000cc90b00000) (1024K)]
  0x0000024e450e6420 WorkerThread "GC Thread#3"                     [id=15004, stack(0x000000cc90b00000,0x000000cc90c00000) (1024K)]
  0x0000024e450e79e0 WorkerThread "GC Thread#4"                     [id=8068, stack(0x000000cc90c00000,0x000000cc90d00000) (1024K)]
  0x0000024e450e67c0 WorkerThread "GC Thread#5"                     [id=14464, stack(0x000000cc90d00000,0x000000cc90e00000) (1024K)]
  0x0000024e450e6b60 WorkerThread "GC Thread#6"                     [id=18308, stack(0x000000cc91200000,0x000000cc91300000) (1024K)]
  0x0000024e450e72a0 WorkerThread "GC Thread#7"                     [id=19752, stack(0x000000cc91300000,0x000000cc91400000) (1024K)]
  0x0000024e45be9240 WorkerThread "GC Thread#8"                     [id=19632, stack(0x000000cc91600000,0x000000cc91700000) (1024K)]
  0x0000024e45be83c0 WorkerThread "GC Thread#9"                     [id=10756, stack(0x000000cc91700000,0x000000cc91800000) (1024K)]
  0x0000024e45beaf40 WorkerThread "GC Thread#10"                    [id=3204, stack(0x000000cc91a00000,0x000000cc91b00000) (1024K)]
  0x0000024e45beaba0 WorkerThread "GC Thread#11"                    [id=16076, stack(0x000000cc91b00000,0x000000cc91c00000) (1024K)]
  0x0000024e45beb2e0 WorkerThread "GC Thread#12"                    [id=3460, stack(0x000000cc91c00000,0x000000cc91d00000) (1024K)]
Total: 15

Threads with active compile tasks:
C2 CompilerThread2  6827 3009       4       java.lang.invoke.MethodType::makeImpl (109 bytes)
Total: 1

VM state: not at safepoint (normal execution)

VM Mutex/Monitor currently owned by a thread: None

Heap address: 0x00000000c0000000, size: 1024 MB, Compressed Oops mode: 32-bit

CDS archive(s) mapped at: [0x0000024e00000000-0x0000024e00ba0000-0x0000024e00ba0000), size 12189696, SharedBaseAddress: 0x0000024e00000000, ArchiveRelocationMode: 1.
Compressed class space mapped at: 0x0000024e01000000-0x0000024e41000000, reserved size: 1073741824
Narrow klass base: 0x0000024e00000000, Narrow klass shift: 0, Narrow klass range: 0x100000000

GC Precious Log:
 CardTable entry size: 512
 CPUs: 16 total, 16 available
 Memory: 7597M
 Large Page Support: Disabled
 NUMA Support: Disabled
 Compressed Oops: Enabled (32-bit)
 Alignments: Space 512K, Generation 512K, Heap 2M
 Heap Min Capacity: 100M
 Heap Initial Capacity: 100M
 Heap Max Capacity: 1G
 Pre-touch: Disabled
 Parallel Workers: 13

Heap:
 PSYoungGen      total 28672K, used 15406K [0x00000000eab00000, 0x00000000ed280000, 0x0000000100000000)
  eden space 23040K, 66% used [0x00000000eab00000,0x00000000eba0ba00,0x00000000ec180000)
  from space 5632K, 0% used [0x00000000ec900000,0x00000000ec900000,0x00000000ece80000)
  to   space 7680K, 0% used [0x00000000ec180000,0x00000000ec180000,0x00000000ec900000)
 ParOldGen       total 68608K, used 10563K [0x00000000c0000000, 0x00000000c4300000, 0x00000000eab00000)
  object space 68608K, 15% used [0x00000000c0000000,0x00000000c0a50db8,0x00000000c4300000)
 Metaspace       used 23755K, committed 24448K, reserved 1114112K
  class space    used 2219K, committed 2496K, reserved 1048576K

Card table byte_map: [0x0000024e681e0000,0x0000024e683f0000] _byte_map_base: 0x0000024e67be0000

Marking Bits: (ParMarkBitMap*) 0x00007ffe4ef73260
 Begin Bits: [0x0000024e7aa30000, 0x0000024e7ba30000)
 End Bits:   [0x0000024e7ba30000, 0x0000024e7ca30000)

Polling page: 0x0000024e667f0000

Metaspace:

Usage:
  Non-class:     21.03 MB used.
      Class:      2.17 MB used.
       Both:     23.20 MB used.

Virtual space:
  Non-class space:       64.00 MB reserved,      21.44 MB ( 33%) committed,  1 nodes.
      Class space:        1.00 GB reserved,       2.44 MB ( <1%) committed,  1 nodes.
             Both:        1.06 GB reserved,      23.88 MB (  2%) committed. 

Chunk freelists:
   Non-Class:  10.42 MB
       Class:  13.50 MB
        Both:  23.92 MB

MaxMetaspaceSize: unlimited
CompressedClassSpaceSize: 1.00 GB
Initial GC threshold: 21.00 MB
Current GC threshold: 35.00 MB
CDS: on
 - commit_granule_bytes: 65536.
 - commit_granule_words: 8192.
 - virtual_space_node_default_size: 8388608.
 - enlarge_chunks_in_place: 1.
 - use_allocation_guard: 0.


Internal statistics:

num_allocs_failed_limit: 3.
num_arena_births: 476.
num_arena_deaths: 14.
num_vsnodes_births: 2.
num_vsnodes_deaths: 0.
num_space_committed: 382.
num_space_uncommitted: 0.
num_chunks_returned_to_freelist: 17.
num_chunks_taken_from_freelist: 1323.
num_chunk_merges: 5.
num_chunk_splits: 880.
num_chunks_enlarged: 572.
num_inconsistent_stats: 0.

CodeHeap 'non-profiled nmethods': size=119168Kb used=1372Kb max_used=1372Kb free=117795Kb
 bounds [0x0000024e735d0000, 0x0000024e73840000, 0x0000024e7aa30000]
CodeHeap 'profiled nmethods': size=119104Kb used=6414Kb max_used=6414Kb free=112690Kb
 bounds [0x0000024e6ba30000, 0x0000024e6c080000, 0x0000024e72e80000]
CodeHeap 'non-nmethods': size=7488Kb used=1886Kb max_used=3020Kb free=5601Kb
 bounds [0x0000024e72e80000, 0x0000024e73180000, 0x0000024e735d0000]
 total_blobs=3773 nmethods=3164 adapters=514
 compilation: enabled
              stopped_count=0, restarted_count=0
 full_count=0

Compilation events (20 events):
Event: 5.751 Thread 0x0000024e7e42da60 3154       3       java.util.LinkedList$Node::<init> (20 bytes)
Event: 5.751 Thread 0x0000024e7e42da60 nmethod 3154 0x0000024e6c06cb10 code [0x0000024e6c06ccc0, 0x0000024e6c06ce68]
Event: 5.752 Thread 0x0000024e7e30fb00 3155       4       java.lang.invoke.MethodType::equals (25 bytes)
Event: 5.755 Thread 0x0000024e7e30fb00 nmethod 3155 0x0000024e73724910 code [0x0000024e73724ac0, 0x0000024e73724c80]
Event: 5.758 Thread 0x0000024e7e314100 3156       3       org.eclipse.osgi.container.ModuleRevision::getModuleCapabilities (9 bytes)
Event: 5.759 Thread 0x0000024e7e314100 nmethod 3156 0x0000024e6c06cf10 code [0x0000024e6c06d0e0, 0x0000024e6c06d4e8]
Event: 5.761 Thread 0x0000024e7e314100 3157       3       org.eclipse.osgi.internal.loader.BundleLoaderSources::getPackageSource (64 bytes)
Event: 5.761 Thread 0x0000024e7e314100 nmethod 3157 0x0000024e6c06d690 code [0x0000024e6c06d8a0, 0x0000024e6c06e0b8]
Event: 5.763 Thread 0x0000024e7e314100 3158       3       java.net.URL::<init> (11 bytes)
Event: 5.763 Thread 0x0000024e7e314100 nmethod 3158 0x0000024e6c06e310 code [0x0000024e6c06e4c0, 0x0000024e6c06e608]
Event: 5.765 Thread 0x0000024e7e314100 3159       3       java.util.jar.Manifest$FastInputStream::readLine (296 bytes)
Event: 5.766 Thread 0x0000024e7e314100 nmethod 3159 0x0000024e6c06e690 code [0x0000024e6c06e8c0, 0x0000024e6c06f128]
Event: 5.768 Thread 0x0000024e7e30fb00 3160       4       java.lang.AbstractStringBuilder::append (45 bytes)
Event: 5.772 Thread 0x0000024e45c75fb0 3161       4       java.lang.StringConcatHelper::prepend (37 bytes)
Event: 5.774 Thread 0x0000024e45c75fb0 nmethod 3161 0x0000024e73724e10 code [0x0000024e73724fa0, 0x0000024e73725230]
Event: 5.775 Thread 0x0000024e7e30fb00 nmethod 3160 0x0000024e73725410 code [0x0000024e73725600, 0x0000024e73725d80]
Event: 5.775 Thread 0x0000024e7e30fb00 3162       4       java.lang.String::indexOf (64 bytes)
Event: 5.777 Thread 0x0000024e45c75fb0 3163       4       java.lang.StringLatin1::indexOf (25 bytes)
Event: 5.777 Thread 0x0000024e7e30fb00 nmethod 3162 0x0000024e73726110 code [0x0000024e737262a0, 0x0000024e73726500]
Event: 5.778 Thread 0x0000024e45c75fb0 nmethod 3163 0x0000024e73726610 code [0x0000024e737267a0, 0x0000024e737269a8]

GC Heap History (14 events):
Event: 1.909 GC heap before
{Heap before GC invocations=1 (full 0):
 PSYoungGen      total 29696K, used 25600K [0x00000000eab00000, 0x00000000ecc00000, 0x0000000100000000)
  eden space 25600K, 100% used [0x00000000eab00000,0x00000000ec400000,0x00000000ec400000)
  from space 4096K, 0% used [0x00000000ec800000,0x00000000ec800000,0x00000000ecc00000)
  to   space 4096K, 0% used [0x00000000ec400000,0x00000000ec400000,0x00000000ec800000)
 ParOldGen       total 68608K, used 0K [0x00000000c0000000, 0x00000000c4300000, 0x00000000eab00000)
  object space 68608K, 0% used [0x00000000c0000000,0x00000000c0000000,0x00000000c4300000)
 Metaspace       used 3842K, committed 4032K, reserved 1114112K
  class space    used 384K, committed 448K, reserved 1048576K
}
Event: 1.915 GC heap after
{Heap after GC invocations=1 (full 0):
 PSYoungGen      total 29696K, used 3118K [0x00000000eab00000, 0x00000000ecc00000, 0x0000000100000000)
  eden space 25600K, 0% used [0x00000000eab00000,0x00000000eab00000,0x00000000ec400000)
  from space 4096K, 76% used [0x00000000ec400000,0x00000000ec70baa0,0x00000000ec800000)
  to   space 4096K, 0% used [0x00000000ec800000,0x00000000ec800000,0x00000000ecc00000)
 ParOldGen       total 68608K, used 16K [0x00000000c0000000, 0x00000000c4300000, 0x00000000eab00000)
  object space 68608K, 0% used [0x00000000c0000000,0x00000000c0004000,0x00000000c4300000)
 Metaspace       used 3842K, committed 4032K, reserved 1114112K
  class space    used 384K, committed 448K, reserved 1048576K
}
Event: 2.553 GC heap before
{Heap before GC invocations=2 (full 0):
 PSYoungGen      total 29696K, used 28718K [0x00000000eab00000, 0x00000000ecc00000, 0x0000000100000000)
  eden space 25600K, 100% used [0x00000000eab00000,0x00000000ec400000,0x00000000ec400000)
  from space 4096K, 76% used [0x00000000ec400000,0x00000000ec70baa0,0x00000000ec800000)
  to   space 4096K, 0% used [0x00000000ec800000,0x00000000ec800000,0x00000000ecc00000)
 ParOldGen       total 68608K, used 16K [0x00000000c0000000, 0x00000000c4300000, 0x00000000eab00000)
  object space 68608K, 0% used [0x00000000c0000000,0x00000000c0004000,0x00000000c4300000)
 Metaspace       used 7800K, committed 8064K, reserved 1114112K
  class space    used 760K, committed 896K, reserved 1048576K
}
Event: 2.558 GC heap after
{Heap after GC invocations=2 (full 0):
 PSYoungGen      total 29696K, used 4069K [0x00000000eab00000, 0x00000000ecc00000, 0x0000000100000000)
  eden space 25600K, 0% used [0x00000000eab00000,0x00000000eab00000,0x00000000ec400000)
  from space 4096K, 99% used [0x00000000ec800000,0x00000000ecbf9560,0x00000000ecc00000)
  to   space 4096K, 0% used [0x00000000ec400000,0x00000000ec400000,0x00000000ec800000)
 ParOldGen       total 68608K, used 796K [0x00000000c0000000, 0x00000000c4300000, 0x00000000eab00000)
  object space 68608K, 1% used [0x00000000c0000000,0x00000000c00c7250,0x00000000c4300000)
 Metaspace       used 7800K, committed 8064K, reserved 1114112K
  class space    used 760K, committed 896K, reserved 1048576K
}
Event: 3.113 GC heap before
{Heap before GC invocations=3 (full 0):
 PSYoungGen      total 29696K, used 29669K [0x00000000eab00000, 0x00000000ecc00000, 0x0000000100000000)
  eden space 25600K, 100% used [0x00000000eab00000,0x00000000ec400000,0x00000000ec400000)
  from space 4096K, 99% used [0x00000000ec800000,0x00000000ecbf9560,0x00000000ecc00000)
  to   space 4096K, 0% used [0x00000000ec400000,0x00000000ec400000,0x00000000ec800000)
 ParOldGen       total 68608K, used 796K [0x00000000c0000000, 0x00000000c4300000, 0x00000000eab00000)
  object space 68608K, 1% used [0x00000000c0000000,0x00000000c00c7250,0x00000000c4300000)
 Metaspace       used 12594K, committed 13120K, reserved 1114112K
  class space    used 1254K, committed 1472K, reserved 1048576K
}
Event: 3.120 GC heap after
{Heap after GC invocations=3 (full 0):
 PSYoungGen      total 29696K, used 4083K [0x00000000eab00000, 0x00000000ecc00000, 0x0000000100000000)
  eden space 25600K, 0% used [0x00000000eab00000,0x00000000eab00000,0x00000000ec400000)
  from space 4096K, 99% used [0x00000000ec400000,0x00000000ec7fcde8,0x00000000ec800000)
  to   space 4096K, 0% used [0x00000000ec800000,0x00000000ec800000,0x00000000ecc00000)
 ParOldGen       total 68608K, used 2471K [0x00000000c0000000, 0x00000000c4300000, 0x00000000eab00000)
  object space 68608K, 3% used [0x00000000c0000000,0x00000000c0269e88,0x00000000c4300000)
 Metaspace       used 12594K, committed 13120K, reserved 1114112K
  class space    used 1254K, committed 1472K, reserved 1048576K
}
Event: 3.515 GC heap before
{Heap before GC invocations=4 (full 0):
 PSYoungGen      total 29696K, used 29683K [0x00000000eab00000, 0x00000000ecc00000, 0x0000000100000000)
  eden space 25600K, 100% used [0x00000000eab00000,0x00000000ec400000,0x00000000ec400000)
  from space 4096K, 99% used [0x00000000ec400000,0x00000000ec7fcde8,0x00000000ec800000)
  to   space 4096K, 0% used [0x00000000ec800000,0x00000000ec800000,0x00000000ecc00000)
 ParOldGen       total 68608K, used 2471K [0x00000000c0000000, 0x00000000c4300000, 0x00000000eab00000)
  object space 68608K, 3% used [0x00000000c0000000,0x00000000c0269e88,0x00000000c4300000)
 Metaspace       used 15773K, committed 16320K, reserved 1114112K
  class space    used 1566K, committed 1792K, reserved 1048576K
}
Event: 3.521 GC heap after
{Heap after GC invocations=4 (full 0):
 PSYoungGen      total 29696K, used 4088K [0x00000000eab00000, 0x00000000ecc00000, 0x0000000100000000)
  eden space 25600K, 0% used [0x00000000eab00000,0x00000000eab00000,0x00000000ec400000)
  from space 4096K, 99% used [0x00000000ec800000,0x00000000ecbfe228,0x00000000ecc00000)
  to   space 4096K, 0% used [0x00000000ec400000,0x00000000ec400000,0x00000000ec800000)
 ParOldGen       total 68608K, used 5051K [0x00000000c0000000, 0x00000000c4300000, 0x00000000eab00000)
  object space 68608K, 7% used [0x00000000c0000000,0x00000000c04eec68,0x00000000c4300000)
 Metaspace       used 15773K, committed 16320K, reserved 1114112K
  class space    used 1566K, committed 1792K, reserved 1048576K
}
Event: 3.790 GC heap before
{Heap before GC invocations=5 (full 0):
 PSYoungGen      total 29696K, used 29677K [0x00000000eab00000, 0x00000000ecc00000, 0x0000000100000000)
  eden space 25600K, 99% used [0x00000000eab00000,0x00000000ec3fd5b0,0x00000000ec400000)
  from space 4096K, 99% used [0x00000000ec800000,0x00000000ecbfe228,0x00000000ecc00000)
  to   space 4096K, 0% used [0x00000000ec400000,0x00000000ec400000,0x00000000ec800000)
 ParOldGen       total 68608K, used 5051K [0x00000000c0000000, 0x00000000c4300000, 0x00000000eab00000)
  object space 68608K, 7% used [0x00000000c0000000,0x00000000c04eec68,0x00000000c4300000)
 Metaspace       used 19671K, committed 20288K, reserved 1114112K
  class space    used 1852K, committed 2112K, reserved 1048576K
}
Event: 3.795 GC heap after
{Heap after GC invocations=5 (full 0):
 PSYoungGen      total 29184K, used 4067K [0x00000000eab00000, 0x00000000ece80000, 0x0000000100000000)
  eden space 25088K, 0% used [0x00000000eab00000,0x00000000eab00000,0x00000000ec380000)
  from space 4096K, 99% used [0x00000000ec400000,0x00000000ec7f8c10,0x00000000ec800000)
  to   space 5632K, 0% used [0x00000000ec900000,0x00000000ec900000,0x00000000ece80000)
 ParOldGen       total 68608K, used 5381K [0x00000000c0000000, 0x00000000c4300000, 0x00000000eab00000)
  object space 68608K, 7% used [0x00000000c0000000,0x00000000c0541428,0x00000000c4300000)
 Metaspace       used 19671K, committed 20288K, reserved 1114112K
  class space    used 1852K, committed 2112K, reserved 1048576K
}
Event: 4.118 GC heap before
{Heap before GC invocations=6 (full 0):
 PSYoungGen      total 29184K, used 27356K [0x00000000eab00000, 0x00000000ece80000, 0x0000000100000000)
  eden space 25088K, 92% used [0x00000000eab00000,0x00000000ec1be4e8,0x00000000ec380000)
  from space 4096K, 99% used [0x00000000ec400000,0x00000000ec7f8c10,0x00000000ec800000)
  to   space 5632K, 0% used [0x00000000ec900000,0x00000000ec900000,0x00000000ece80000)
 ParOldGen       total 68608K, used 5381K [0x00000000c0000000, 0x00000000c4300000, 0x00000000eab00000)
  object space 68608K, 7% used [0x00000000c0000000,0x00000000c0541428,0x00000000c4300000)
 Metaspace       used 20927K, committed 21504K, reserved 1114112K
  class space    used 1924K, committed 2176K, reserved 1048576K
}
Event: 4.127 GC heap after
{Heap after GC invocations=6 (full 0):
 PSYoungGen      total 28672K, used 5604K [0x00000000eab00000, 0x00000000ed280000, 0x0000000100000000)
  eden space 23040K, 0% used [0x00000000eab00000,0x00000000eab00000,0x00000000ec180000)
  from space 5632K, 99% used [0x00000000ec900000,0x00000000ece79270,0x00000000ece80000)
  to   space 7680K, 0% used [0x00000000ec180000,0x00000000ec180000,0x00000000ec900000)
 ParOldGen       total 68608K, used 6570K [0x00000000c0000000, 0x00000000c4300000, 0x00000000eab00000)
  object space 68608K, 9% used [0x00000000c0000000,0x00000000c066a938,0x00000000c4300000)
 Metaspace       used 20927K, committed 21504K, reserved 1114112K
  class space    used 1924K, committed 2176K, reserved 1048576K
}
Event: 4.127 GC heap before
{Heap before GC invocations=7 (full 1):
 PSYoungGen      total 28672K, used 5604K [0x00000000eab00000, 0x00000000ed280000, 0x0000000100000000)
  eden space 23040K, 0% used [0x00000000eab00000,0x00000000eab00000,0x00000000ec180000)
  from space 5632K, 99% used [0x00000000ec900000,0x00000000ece79270,0x00000000ece80000)
  to   space 7680K, 0% used [0x00000000ec180000,0x00000000ec180000,0x00000000ec900000)
 ParOldGen       total 68608K, used 6570K [0x00000000c0000000, 0x00000000c4300000, 0x00000000eab00000)
  object space 68608K, 9% used [0x00000000c0000000,0x00000000c066a938,0x00000000c4300000)
 Metaspace       used 20927K, committed 21504K, reserved 1114112K
  class space    used 1924K, committed 2176K, reserved 1048576K
}
Event: 4.173 GC heap after
{Heap after GC invocations=7 (full 1):
 PSYoungGen      total 28672K, used 0K [0x00000000eab00000, 0x00000000ed280000, 0x0000000100000000)
  eden space 23040K, 0% used [0x00000000eab00000,0x00000000eab00000,0x00000000ec180000)
  from space 5632K, 0% used [0x00000000ec900000,0x00000000ec900000,0x00000000ece80000)
  to   space 7680K, 0% used [0x00000000ec180000,0x00000000ec180000,0x00000000ec900000)
 ParOldGen       total 68608K, used 10563K [0x00000000c0000000, 0x00000000c4300000, 0x00000000eab00000)
  object space 68608K, 15% used [0x00000000c0000000,0x00000000c0a50db8,0x00000000c4300000)
 Metaspace       used 20915K, committed 21504K, reserved 1114112K
  class space    used 1920K, committed 2176K, reserved 1048576K
}

Dll operation events (11 events):
Event: 0.019 Loaded shared library c:\Users\Tejas\.vscode\extensions\redhat.java-1.40.0-win32-x64\jre\21.0.6-win32-x86_64\bin\java.dll
Event: 0.112 Loaded shared library c:\Users\Tejas\.vscode\extensions\redhat.java-1.40.0-win32-x64\jre\21.0.6-win32-x86_64\bin\zip.dll
Event: 0.145 Loaded shared library C:\Users\Tejas\.vscode\extensions\redhat.java-1.40.0-win32-x64\jre\21.0.6-win32-x86_64\bin\instrument.dll
Event: 0.155 Loaded shared library C:\Users\Tejas\.vscode\extensions\redhat.java-1.40.0-win32-x64\jre\21.0.6-win32-x86_64\bin\net.dll
Event: 0.159 Loaded shared library C:\Users\Tejas\.vscode\extensions\redhat.java-1.40.0-win32-x64\jre\21.0.6-win32-x86_64\bin\nio.dll
Event: 0.165 Loaded shared library C:\Users\Tejas\.vscode\extensions\redhat.java-1.40.0-win32-x64\jre\21.0.6-win32-x86_64\bin\zip.dll
Event: 0.193 Loaded shared library C:\Users\Tejas\.vscode\extensions\redhat.java-1.40.0-win32-x64\jre\21.0.6-win32-x86_64\bin\jimage.dll
Event: 0.320 Loaded shared library c:\Users\Tejas\.vscode\extensions\redhat.java-1.40.0-win32-x64\jre\21.0.6-win32-x86_64\bin\verify.dll
Event: 2.549 Loaded shared library C:\Users\Tejas\AppData\Roaming\Code\User\globalStorage\redhat.java\1.40.0\config_ss_win\org.eclipse.equinox.launcher\org.eclipse.equinox.launcher.win32.win32.x86_64_1.2.1200.v20250212-0927\eclipse_11909.dll
Event: 3.195 Loaded shared library C:\Users\Tejas\.vscode\extensions\redhat.java-1.40.0-win32-x64\jre\21.0.6-win32-x86_64\bin\management.dll
Event: 3.201 Loaded shared library C:\Users\Tejas\.vscode\extensions\redhat.java-1.40.0-win32-x64\jre\21.0.6-win32-x86_64\bin\management_ext.dll

Deoptimization events (20 events):
Event: 4.183 Thread 0x0000024e45822bd0 Uncommon trap: trap_request=0xffffffc6 fr.pc=0x0000024e73662234 relative=0x00000000000009b4
Event: 4.183 Thread 0x0000024e45822bd0 Uncommon trap: reason=bimorphic_or_optimized_type_check action=maybe_recompile pc=0x0000024e73662234 method=java.util.HashMap.putVal(ILjava/lang/Object;Ljava/lang/Object;ZZ)Ljava/lang/Object; @ 56 c2
Event: 4.183 Thread 0x0000024e45822bd0 DEOPT PACKING pc=0x0000024e73662234 sp=0x000000cc911fdd70
Event: 4.183 Thread 0x0000024e45822bd0 DEOPT UNPACKING pc=0x0000024e72ed3aa2 sp=0x000000cc911fdc70 mode 2
Event: 4.183 Thread 0x0000024e45822bd0 Uncommon trap: trap_request=0xffffffc6 fr.pc=0x0000024e73662234 relative=0x00000000000009b4
Event: 4.183 Thread 0x0000024e45822bd0 Uncommon trap: reason=bimorphic_or_optimized_type_check action=maybe_recompile pc=0x0000024e73662234 method=java.util.HashMap.putVal(ILjava/lang/Object;Ljava/lang/Object;ZZ)Ljava/lang/Object; @ 56 c2
Event: 4.183 Thread 0x0000024e45822bd0 DEOPT PACKING pc=0x0000024e73662234 sp=0x000000cc911fdd70
Event: 4.183 Thread 0x0000024e45822bd0 DEOPT UNPACKING pc=0x0000024e72ed3aa2 sp=0x000000cc911fdc70 mode 2
Event: 4.183 Thread 0x0000024e45822bd0 Uncommon trap: trap_request=0xffffffc6 fr.pc=0x0000024e73662234 relative=0x00000000000009b4
Event: 4.183 Thread 0x0000024e45822bd0 Uncommon trap: reason=bimorphic_or_optimized_type_check action=maybe_recompile pc=0x0000024e73662234 method=java.util.HashMap.putVal(ILjava/lang/Object;Ljava/lang/Object;ZZ)Ljava/lang/Object; @ 56 c2
Event: 4.183 Thread 0x0000024e45822bd0 DEOPT PACKING pc=0x0000024e73662234 sp=0x000000cc911fdd70
Event: 4.183 Thread 0x0000024e45822bd0 DEOPT UNPACKING pc=0x0000024e72ed3aa2 sp=0x000000cc911fdc70 mode 2
Event: 4.212 Thread 0x0000024e45822bd0 Uncommon trap: trap_request=0xffffff45 fr.pc=0x0000024e736fb7ac relative=0x00000000000009ac
Event: 4.212 Thread 0x0000024e45822bd0 Uncommon trap: reason=unstable_if action=reinterpret pc=0x0000024e736fb7ac method=java.util.regex.Pattern$BmpCharPropertyGreedy.match(Ljava/util/regex/Matcher;ILjava/lang/CharSequence;)Z @ 12 c2
Event: 4.212 Thread 0x0000024e45822bd0 DEOPT PACKING pc=0x0000024e736fb7ac sp=0x000000cc911fda40
Event: 4.212 Thread 0x0000024e45822bd0 DEOPT UNPACKING pc=0x0000024e72ed3aa2 sp=0x000000cc911fd908 mode 2
Event: 5.743 Thread 0x0000024e45822bd0 Uncommon trap: trap_request=0xffffff45 fr.pc=0x0000024e7361db0c relative=0x00000000000000ec
Event: 5.743 Thread 0x0000024e45822bd0 Uncommon trap: reason=unstable_if action=reinterpret pc=0x0000024e7361db0c method=java.lang.String.getBytes([BIB)V @ 5 c2
Event: 5.743 Thread 0x0000024e45822bd0 DEOPT PACKING pc=0x0000024e7361db0c sp=0x000000cc911fe170
Event: 5.743 Thread 0x0000024e45822bd0 DEOPT UNPACKING pc=0x0000024e72ed3aa2 sp=0x000000cc911fe118 mode 2

Classes loaded (20 events):
Event: 5.723 Loading class com/sun/org/apache/xerces/internal/dom/DeferredNode done
Event: 5.723 Loading class com/sun/org/apache/xerces/internal/dom/DeferredDocumentImpl done
Event: 5.724 Loading class com/sun/org/apache/xerces/internal/dom/DeferredDocumentImpl$RefCount
Event: 5.724 Loading class com/sun/org/apache/xerces/internal/dom/DeferredDocumentImpl$RefCount done
Event: 5.727 Loading class com/sun/org/apache/xerces/internal/dom/DeepNodeListImpl
Event: 5.727 Loading class com/sun/org/apache/xerces/internal/dom/DeepNodeListImpl done
Event: 5.728 Loading class com/sun/org/apache/xerces/internal/dom/DeferredElementImpl
Event: 5.728 Loading class com/sun/org/apache/xerces/internal/dom/DeferredElementImpl done
Event: 5.728 Loading class com/sun/org/apache/xerces/internal/dom/DeferredAttrImpl
Event: 5.728 Loading class com/sun/org/apache/xerces/internal/dom/DeferredAttrImpl done
Event: 5.729 Loading class com/sun/org/apache/xerces/internal/dom/DeferredTextImpl
Event: 5.729 Loading class com/sun/org/apache/xerces/internal/dom/DeferredTextImpl done
Event: 5.737 Loading class java/lang/StackTraceElement$HashedModules
Event: 5.738 Loading class java/lang/StackTraceElement$HashedModules done
Event: 5.740 Loading class sun/nio/cs/UTF_8$Encoder
Event: 5.740 Loading class sun/nio/cs/UTF_8$Encoder done
Event: 5.741 Loading class java/io/FileOutputStream$1
Event: 5.741 Loading class java/io/FileOutputStream$1 done
Event: 5.778 Loading class java/nio/charset/IllegalCharsetNameException
Event: 5.778 Loading class java/nio/charset/IllegalCharsetNameException done

Classes unloaded (7 events):
Event: 4.135 Thread 0x0000024e688feab0 Unloading class 0x0000024e0117c000 'java/lang/invoke/LambdaForm$MH+0x0000024e0117c000'
Event: 4.135 Thread 0x0000024e688feab0 Unloading class 0x0000024e0117bc00 'java/lang/invoke/LambdaForm$MH+0x0000024e0117bc00'
Event: 4.135 Thread 0x0000024e688feab0 Unloading class 0x0000024e0117b800 'java/lang/invoke/LambdaForm$MH+0x0000024e0117b800'
Event: 4.135 Thread 0x0000024e688feab0 Unloading class 0x0000024e0117b400 'java/lang/invoke/LambdaForm$MH+0x0000024e0117b400'
Event: 4.135 Thread 0x0000024e688feab0 Unloading class 0x0000024e0117b000 'java/lang/invoke/LambdaForm$BMH+0x0000024e0117b000'
Event: 4.135 Thread 0x0000024e688feab0 Unloading class 0x0000024e0117ac00 'java/lang/invoke/LambdaForm$DMH+0x0000024e0117ac00'
Event: 4.135 Thread 0x0000024e688feab0 Unloading class 0x0000024e01179800 'java/lang/invoke/LambdaForm$DMH+0x0000024e01179800'

Classes redefined (0 events):
No events

Internal exceptions (20 events):
Event: 3.424 Thread 0x0000024e45822bd0 Exception <a 'java/lang/NoSuchMethodError'{0x00000000eb9adbc8}: 'double java.lang.invoke.DirectMethodHandle$Holder.invokeStatic(java.lang.Object, java.lang.Object)'> (0x00000000eb9adbc8) 
thrown [s\src\hotspot\share\interpreter\linkResolver.cpp, line 773]
Event: 3.424 Thread 0x0000024e45822bd0 Exception <a 'java/lang/NoSuchMethodError'{0x00000000eb9b1288}: 'double java.lang.invoke.DirectMethodHandle$Holder.invokeStaticInit(java.lang.Object, java.lang.Object)'> (0x00000000eb9b1288) 
thrown [s\src\hotspot\share\interpreter\linkResolver.cpp, line 773]
Event: 3.553 Thread 0x0000024e45822bd0 Exception <a 'java/io/FileNotFoundException'{0x00000000eb092498}> (0x00000000eb092498) 
thrown [s\src\hotspot\share\prims\jni.cpp, line 520]
Event: 3.553 Thread 0x0000024e45822bd0 Exception <a 'java/io/FileNotFoundException'{0x00000000eb0932c8}> (0x00000000eb0932c8) 
thrown [s\src\hotspot\share\prims\jni.cpp, line 520]
Event: 3.553 Thread 0x0000024e45822bd0 Exception <a 'java/io/FileNotFoundException'{0x00000000eb0941f8}> (0x00000000eb0941f8) 
thrown [s\src\hotspot\share\prims\jni.cpp, line 520]
Event: 3.693 Thread 0x0000024e45822bd0 Exception <a 'java/lang/NoSuchMethodError'{0x00000000eb9e2d28}: 'int java.lang.invoke.DirectMethodHandle$Holder.invokeStaticInit(java.lang.Object, java.lang.Object, java.lang.Object)'> (0x00000000eb9e2d28) 
thrown [s\src\hotspot\share\interpreter\linkResolver.cpp, line 773]
Event: 3.734 Thread 0x0000024e45822bd0 Implicit null exception at 0x0000024e736dc2f5 to 0x0000024e736dc3d0
Event: 3.813 Thread 0x0000024e45822bd0 Exception <a 'java/io/FileNotFoundException'{0x00000000eac130f8}> (0x00000000eac130f8) 
thrown [s\src\hotspot\share\prims\jni.cpp, line 520]
Event: 3.815 Thread 0x0000024e45822bd0 Exception <a 'java/lang/NoSuchMethodError'{0x00000000eac1a970}: 'java.lang.Object java.lang.invoke.DirectMethodHandle$Holder.newInvokeSpecial(java.lang.Object, int, java.lang.Object, java.lang.Object)'> (0x00000000eac1a970) 
thrown [s\src\hotspot\share\interpreter\linkResolver.cpp, line 773]
Event: 3.865 Thread 0x0000024e45822bd0 Exception <a 'java/io/FileNotFoundException'{0x00000000eb7cc680}> (0x00000000eb7cc680) 
thrown [s\src\hotspot\share\prims\jni.cpp, line 520]
Event: 4.054 Thread 0x0000024e45822bd0 Exception <a 'java/io/FileNotFoundException'{0x00000000ebf8f7e8}> (0x00000000ebf8f7e8) 
thrown [s\src\hotspot\share\prims\jni.cpp, line 520]
Event: 4.198 Thread 0x0000024e45822bd0 Exception <a 'sun/nio/fs/WindowsException'{0x00000000eab8e928}> (0x00000000eab8e928) 
thrown [s\src\hotspot\share\prims\jni.cpp, line 520]
Event: 4.198 Thread 0x0000024e45822bd0 Exception <a 'sun/nio/fs/WindowsException'{0x00000000eab92530}> (0x00000000eab92530) 
thrown [s\src\hotspot\share\prims\jni.cpp, line 520]
Event: 4.230 Thread 0x0000024e45822bd0 Exception <a 'sun/nio/fs/WindowsException'{0x00000000eac72470}> (0x00000000eac72470) 
thrown [s\src\hotspot\share\prims\jni.cpp, line 520]
Event: 4.267 Thread 0x0000024e45822bd0 Exception <a 'java/lang/NoSuchMethodError'{0x00000000ead63080}: 'java.lang.Object java.lang.invoke.DirectMethodHandle$Holder.invokeStaticInit(java.lang.Object, int, int, int, int)'> (0x00000000ead63080) 
thrown [s\src\hotspot\share\interpreter\linkResolver.cpp, line 773]
Event: 4.464 Thread 0x0000024e45822bd0 Exception <a 'java/lang/NoSuchMethodError'{0x00000000eae74900}: 'java.lang.Object java.lang.invoke.DirectMethodHandle$Holder.invokeStaticInit(java.lang.Object, java.lang.Object, int, int, int, int)'> (0x00000000eae74900) 
thrown [s\src\hotspot\share\interpreter\linkResolver.cpp, line 773]
Event: 4.552 Thread 0x0000024e45822bd0 Exception <a 'sun/nio/fs/WindowsException'{0x00000000eb179cc8}> (0x00000000eb179cc8) 
thrown [s\src\hotspot\share\prims\jni.cpp, line 520]
Event: 4.554 Thread 0x0000024e45822bd0 Exception <a 'sun/nio/fs/WindowsException'{0x00000000eb181f90}> (0x00000000eb181f90) 
thrown [s\src\hotspot\share\prims\jni.cpp, line 520]
Event: 4.626 Thread 0x0000024e45822bd0 Exception <a 'java/lang/ClassNotFoundException'{0x00000000eb4605b0}: com/sun/org/apache/xml/internal/serializer/spi/XMLEntitiesProvider> (0x00000000eb4605b0) 
thrown [s\src\hotspot\share\classfile\systemDictionary.cpp, line 312]
Event: 5.750 Thread 0x0000024e45822bd0 Exception <a 'java/io/FileNotFoundException'{0x00000000eb7f9ec8}> (0x00000000eb7f9ec8) 
thrown [s\src\hotspot\share\prims\jni.cpp, line 520]

ZGC Phase Switch (0 events):
No events

VM Operations (20 events):
Event: 3.964 Executing VM operation: HandshakeAllThreads (Deoptimize)
Event: 3.964 Executing VM operation: HandshakeAllThreads (Deoptimize) done
Event: 4.118 Executing VM operation: CollectForMetadataAllocation (Metadata GC Threshold)
Event: 4.173 Executing VM operation: CollectForMetadataAllocation (Metadata GC Threshold) done
Event: 4.174 Executing VM operation: HandshakeAllThreads (Deoptimize)
Event: 4.174 Executing VM operation: HandshakeAllThreads (Deoptimize) done
Event: 4.182 Executing VM operation: HandshakeAllThreads (Deoptimize)
Event: 4.182 Executing VM operation: HandshakeAllThreads (Deoptimize) done
Event: 4.481 Executing VM operation: HandshakeAllThreads (Deoptimize)
Event: 4.482 Executing VM operation: HandshakeAllThreads (Deoptimize) done
Event: 4.482 Executing VM operation: HandshakeAllThreads (Deoptimize)
Event: 4.482 Executing VM operation: HandshakeAllThreads (Deoptimize) done
Event: 5.483 Executing VM operation: Cleanup
Event: 5.655 Executing VM operation: Cleanup done
Event: 5.693 Executing VM operation: HandshakeAllThreads (Deoptimize)
Event: 5.693 Executing VM operation: HandshakeAllThreads (Deoptimize) done
Event: 5.729 Executing VM operation: HandshakeAllThreads (Deoptimize)
Event: 5.729 Executing VM operation: HandshakeAllThreads (Deoptimize) done
Event: 6.728 Executing VM operation: Cleanup
Event: 6.728 Executing VM operation: Cleanup done

Memory protections (0 events):
No events

Nmethod flushes (0 events):
No events

Events (20 events):
Event: 2.035 Thread 0x0000024e45054630 Thread exited: 0x0000024e45054630
Event: 2.144 Thread 0x0000024e7e314100 Thread added: 0x0000024e451dc140
Event: 2.146 Thread 0x0000024e458c2b20 Thread added: 0x0000024e454e6610
Event: 2.367 Thread 0x0000024e6883ae10 Thread added: 0x0000024e45942060
Event: 2.535 Thread 0x0000024e6883ae10 Thread added: 0x0000024e459b8e20
Event: 2.540 Thread 0x0000024e6883ae10 Thread added: 0x0000024e45822bd0
Event: 2.584 Thread 0x0000024e45822bd0 Thread added: 0x0000024e4580ecd0
Event: 2.712 Thread 0x0000024e45822bd0 Thread added: 0x0000024e45983610
Event: 2.721 Thread 0x0000024e454e6610 Thread exited: 0x0000024e454e6610
Event: 3.036 Thread 0x0000024e45822bd0 Thread added: 0x0000024e45b5bed0
Event: 3.294 Thread 0x0000024e45822bd0 Thread added: 0x0000024e45e11a90
Event: 3.356 Thread 0x0000024e45822bd0 Thread added: 0x0000024e45c950e0
Event: 3.631 Thread 0x0000024e451dc140 Thread exited: 0x0000024e451dc140
Event: 3.631 Thread 0x0000024e7e44e580 Thread exited: 0x0000024e7e44e580
Event: 3.798 Thread 0x0000024e7e30fb00 Thread added: 0x0000024e45c75fb0
Event: 3.798 Thread 0x0000024e7e30fb00 Thread added: 0x0000024e45e64fb0
Event: 4.010 Thread 0x0000024e45822bd0 Thread added: 0x0000024e46425350
Event: 4.240 Thread 0x0000024e46425350 Thread exited: 0x0000024e46425350
Event: 5.656 Thread 0x0000024e458c2b20 Thread exited: 0x0000024e458c2b20
Event: 5.659 Thread 0x0000024e4577cf50 Thread exited: 0x0000024e4577cf50


Dynamic libraries:
0x00007ff7b1830000 - 0x00007ff7b183e000 	c:\Users\Tejas\.vscode\extensions\redhat.java-1.40.0-win32-x64\jre\21.0.6-win32-x86_64\bin\java.exe
0x00007ffecd020000 - 0x00007ffecd283000 	C:\WINDOWS\SYSTEM32\ntdll.dll
0x00007ffecbf70000 - 0x00007ffecc037000 	C:\WINDOWS\System32\KERNEL32.DLL
0x00007ffeca220000 - 0x00007ffeca5e9000 	C:\WINDOWS\System32\KERNELBASE.dll
0x00007ffeca680000 - 0x00007ffeca7cc000 	C:\WINDOWS\System32\ucrtbase.dll
0x00007ffeb9f20000 - 0x00007ffeb9f3e000 	c:\Users\Tejas\.vscode\extensions\redhat.java-1.40.0-win32-x64\jre\21.0.6-win32-x86_64\bin\VCRUNTIME140.dll
0x00007ffec39c0000 - 0x00007ffec39d8000 	c:\Users\Tejas\.vscode\extensions\redhat.java-1.40.0-win32-x64\jre\21.0.6-win32-x86_64\bin\jli.dll
0x00007ffeccac0000 - 0x00007ffeccc8a000 	C:\WINDOWS\System32\USER32.dll
0x00007ffebc5d0000 - 0x00007ffebc860000 	C:\WINDOWS\WinSxS\amd64_microsoft.windows.common-controls_6595b64144ccf1df_6.0.26100.3323_none_3e088096e3344490\COMCTL32.dll
0x00007ffecc040000 - 0x00007ffecc0e9000 	C:\WINDOWS\System32\msvcrt.dll
0x00007ffecc1a0000 - 0x00007ffecc1ca000 	C:\WINDOWS\System32\GDI32.dll
0x00007ffecaa10000 - 0x00007ffecaa37000 	C:\WINDOWS\System32\win32u.dll
0x00007ffecac50000 - 0x00007ffecad81000 	C:\WINDOWS\System32\gdi32full.dll
0x00007ffecad90000 - 0x00007ffecae33000 	C:\WINDOWS\System32\msvcp_win.dll
0x00007ffecc8f0000 - 0x00007ffecc91f000 	C:\WINDOWS\System32\IMM32.DLL
0x00007ffec2720000 - 0x00007ffec272c000 	c:\Users\Tejas\.vscode\extensions\redhat.java-1.40.0-win32-x64\jre\21.0.6-win32-x86_64\bin\vcruntime140_1.dll
0x00007ffea32d0000 - 0x00007ffea335d000 	c:\Users\Tejas\.vscode\extensions\redhat.java-1.40.0-win32-x64\jre\21.0.6-win32-x86_64\bin\msvcp140.dll
0x00007ffe4e2c0000 - 0x00007ffe4f050000 	c:\Users\Tejas\.vscode\extensions\redhat.java-1.40.0-win32-x64\jre\21.0.6-win32-x86_64\bin\server\jvm.dll
0x00007ffecb250000 - 0x00007ffecb302000 	C:\WINDOWS\System32\ADVAPI32.dll
0x00007ffecca10000 - 0x00007ffeccab6000 	C:\WINDOWS\System32\sechost.dll
0x00007ffecbce0000 - 0x00007ffecbdf6000 	C:\WINDOWS\System32\RPCRT4.dll
0x00007ffeccc90000 - 0x00007ffeccd04000 	C:\WINDOWS\System32\WS2_32.dll
0x00007ffeca0b0000 - 0x00007ffeca0fe000 	C:\WINDOWS\SYSTEM32\POWRPROF.dll
0x00007ffebdcf0000 - 0x00007ffebdd26000 	C:\WINDOWS\SYSTEM32\WINMM.dll
0x00007ffebe590000 - 0x00007ffebe59b000 	C:\WINDOWS\SYSTEM32\VERSION.dll
0x00007ffeca090000 - 0x00007ffeca0a4000 	C:\WINDOWS\SYSTEM32\UMPDC.dll
0x00007ffec9040000 - 0x00007ffec905a000 	C:\WINDOWS\SYSTEM32\kernel.appcore.dll
0x00007ffec26a0000 - 0x00007ffec26aa000 	c:\Users\Tejas\.vscode\extensions\redhat.java-1.40.0-win32-x64\jre\21.0.6-win32-x86_64\bin\jimage.dll
0x00007ffec06f0000 - 0x00007ffec0931000 	C:\WINDOWS\SYSTEM32\DBGHELP.DLL
0x00007ffecb320000 - 0x00007ffecb6a2000 	C:\WINDOWS\System32\combase.dll
0x00007ffecb170000 - 0x00007ffecb246000 	C:\WINDOWS\System32\OLEAUT32.dll
0x00007ffebdc50000 - 0x00007ffebdc89000 	C:\WINDOWS\SYSTEM32\dbgcore.DLL
0x00007ffecaa40000 - 0x00007ffecaad9000 	C:\WINDOWS\System32\bcryptPrimitives.dll
0x00007ffebd000000 - 0x00007ffebd00f000 	c:\Users\Tejas\.vscode\extensions\redhat.java-1.40.0-win32-x64\jre\21.0.6-win32-x86_64\bin\instrument.dll
0x00007ffeb5e40000 - 0x00007ffeb5e5f000 	c:\Users\Tejas\.vscode\extensions\redhat.java-1.40.0-win32-x64\jre\21.0.6-win32-x86_64\bin\java.dll
0x00007ffecc1d0000 - 0x00007ffecc8e5000 	C:\WINDOWS\System32\SHELL32.dll
0x00007ffecaae0000 - 0x00007ffecac48000 	C:\WINDOWS\System32\wintypes.dll
0x00007ffec7f20000 - 0x00007ffec8765000 	C:\WINDOWS\SYSTEM32\windows.storage.dll
0x00007ffecbbd0000 - 0x00007ffecbcbb000 	C:\WINDOWS\System32\SHCORE.dll
0x00007ffeccd10000 - 0x00007ffeccd6d000 	C:\WINDOWS\System32\shlwapi.dll
0x00007ffeca130000 - 0x00007ffeca15f000 	C:\WINDOWS\SYSTEM32\profapi.dll
0x00007ffeb5bb0000 - 0x00007ffeb5bc8000 	c:\Users\Tejas\.vscode\extensions\redhat.java-1.40.0-win32-x64\jre\21.0.6-win32-x86_64\bin\zip.dll
0x00007ffebb970000 - 0x00007ffebb980000 	C:\Users\Tejas\.vscode\extensions\redhat.java-1.40.0-win32-x64\jre\21.0.6-win32-x86_64\bin\net.dll
0x00007ffec3a20000 - 0x00007ffec3b3e000 	C:\WINDOWS\SYSTEM32\WINHTTP.dll
0x00007ffec9560000 - 0x00007ffec95ca000 	C:\WINDOWS\system32\mswsock.dll
0x00007ffeb2dc0000 - 0x00007ffeb2dd6000 	C:\Users\Tejas\.vscode\extensions\redhat.java-1.40.0-win32-x64\jre\21.0.6-win32-x86_64\bin\nio.dll
0x00007ffebb6a0000 - 0x00007ffebb6b0000 	c:\Users\Tejas\.vscode\extensions\redhat.java-1.40.0-win32-x64\jre\21.0.6-win32-x86_64\bin\verify.dll
0x00007ffea3280000 - 0x00007ffea32c5000 	C:\Users\Tejas\AppData\Roaming\Code\User\globalStorage\redhat.java\1.40.0\config_ss_win\org.eclipse.equinox.launcher\org.eclipse.equinox.launcher.win32.win32.x86_64_1.2.1200.v20250212-0927\eclipse_11909.dll
0x00007ffecce00000 - 0x00007ffeccf95000 	C:\WINDOWS\System32\ole32.dll
0x00007ffeb7ee0000 - 0x00007ffeb7eea000 	C:\Users\Tejas\.vscode\extensions\redhat.java-1.40.0-win32-x64\jre\21.0.6-win32-x86_64\bin\management.dll
0x00007ffeb5c60000 - 0x00007ffeb5c6b000 	C:\Users\Tejas\.vscode\extensions\redhat.java-1.40.0-win32-x64\jre\21.0.6-win32-x86_64\bin\management_ext.dll
0x00007ffecbb40000 - 0x00007ffecbb48000 	C:\WINDOWS\System32\PSAPI.DLL
0x00007ffec9800000 - 0x00007ffec981c000 	C:\WINDOWS\SYSTEM32\CRYPTSP.dll
0x00007ffec8fa0000 - 0x00007ffec8fda000 	C:\WINDOWS\system32\rsaenh.dll
0x00007ffec9600000 - 0x00007ffec962b000 	C:\WINDOWS\SYSTEM32\USERENV.dll
0x00007ffec9a40000 - 0x00007ffec9a66000 	C:\WINDOWS\SYSTEM32\bcrypt.dll
0x00007ffec9820000 - 0x00007ffec982c000 	C:\WINDOWS\SYSTEM32\CRYPTBASE.dll
0x00007ffec8a80000 - 0x00007ffec8ab3000 	C:\WINDOWS\SYSTEM32\IPHLPAPI.DLL
0x00007ffecbf60000 - 0x00007ffecbf6a000 	C:\WINDOWS\System32\NSI.dll

dbghelp: loaded successfully - version: 4.0.5 - missing functions: none
symbol engine: initialized successfully - sym options: 0x614 - pdb path: .;c:\Users\Tejas\.vscode\extensions\redhat.java-1.40.0-win32-x64\jre\21.0.6-win32-x86_64\bin;C:\WINDOWS\SYSTEM32;C:\WINDOWS\WinSxS\amd64_microsoft.windows.common-controls_6595b64144ccf1df_6.0.26100.3323_none_3e088096e3344490;c:\Users\Tejas\.vscode\extensions\redhat.java-1.40.0-win32-x64\jre\21.0.6-win32-x86_64\bin\server;C:\Users\Tejas\AppData\Roaming\Code\User\globalStorage\redhat.java\1.40.0\config_ss_win\org.eclipse.equinox.launcher\org.eclipse.equinox.launcher.win32.win32.x86_64_1.2.1200.v20250212-0927

VM Arguments:
jvm_args: --add-modules=ALL-SYSTEM --add-opens=java.base/java.util=ALL-UNNAMED --add-opens=java.base/java.lang=ALL-UNNAMED --add-opens=java.base/sun.nio.fs=ALL-UNNAMED -Declipse.application=org.eclipse.jdt.ls.core.id1 -Dosgi.bundles.defaultStartLevel=4 -Declipse.product=org.eclipse.jdt.ls.core.product -Djava.import.generatesMetadataFilesAtProjectRoot=false -DDetectVMInstallationsJob.disabled=true -Dfile.encoding=utf8 -XX:+UseParallelGC -XX:GCTimeRatio=4 -XX:AdaptiveSizePolicyWeight=90 -Dsun.zip.disableMemoryMapping=true -Xmx1G -Xms100m -Xlog:disable -javaagent:c:\Users\Tejas\.vscode\extensions\redhat.java-1.40.0-win32-x64\lombok\lombok-1.18.36.jar 
java_command: c:\Users\Tejas\.vscode\extensions\redhat.java-1.40.0-win32-x64\server\plugins\org.eclipse.equinox.launcher_1.6.1000.v20250131-0606.jar -configuration c:\Users\Tejas\AppData\Roaming\Code\User\globalStorage\redhat.java\1.40.0\config_ss_win -data c:\Users\Tejas\AppData\Roaming\Code\User\workspaceStorage\6fc80b158846d12adea2c9901dfcd384\redhat.java\ss_ws --pipe=\\.\pipe\lsp-f961ebd167dce8db9df7d8b80ec497fd-sock
java_class_path (initial): c:\Users\Tejas\.vscode\extensions\redhat.java-1.40.0-win32-x64\server\plugins\org.eclipse.equinox.launcher_1.6.1000.v20250131-0606.jar
Launcher Type: SUN_STANDARD

[Global flags]
    uintx AdaptiveSizePolicyWeight                 = 90                                        {product} {command line}
     intx CICompilerCount                          = 12                                        {product} {ergonomic}
    uintx GCTimeRatio                              = 4                                         {product} {command line}
   size_t InitialHeapSize                          = 104857600                                 {product} {command line}
   size_t MaxHeapSize                              = 1073741824                                {product} {command line}
   size_t MaxNewSize                               = 357564416                                 {product} {ergonomic}
   size_t MinHeapDeltaBytes                        = 524288                                    {product} {ergonomic}
   size_t MinHeapSize                              = 104857600                                 {product} {command line}
   size_t NewSize                                  = 34603008                                  {product} {ergonomic}
    uintx NonNMethodCodeHeapSize                   = 7602480                                {pd product} {ergonomic}
    uintx NonProfiledCodeHeapSize                  = 122027880                              {pd product} {ergonomic}
   size_t OldSize                                  = 70254592                                  {product} {ergonomic}
    uintx ProfiledCodeHeapSize                     = 122027880                              {pd product} {ergonomic}
    uintx ReservedCodeCacheSize                    = 251658240                              {pd product} {ergonomic}
     bool SegmentedCodeCache                       = true                                      {product} {ergonomic}
   size_t SoftMaxHeapSize                          = 1073741824                             {manageable} {ergonomic}
     bool UseCompressedOops                        = true                           {product lp64_product} {ergonomic}
     bool UseLargePagesIndividualAllocation        = false                                  {pd product} {ergonomic}
     bool UseParallelGC                            = true                                      {product} {command line}

Logging:
Log output configuration:
 #0: stdout all=off uptime,level,tags foldmultilines=false
 #1: stderr all=off uptime,level,tags foldmultilines=false

Environment Variables:
JAVA_HOME=C:\Java\jdk1.8.0_202
PATH=C:\Program Files\Common Files\Oracle\Java\javapath;C:\Program Files\Python311\Scripts\;C:\Program Files\Python311\;C:\Windows\system32;C:\Windows;C:\Windows\System32\Wbem;C:\Windows\System32\WindowsPowerShell\v1.0\;C:\Windows\System32\OpenSSH\;C:\Program Files (x86)\NVIDIA Corporation\PhysX\Common;C:\Program Files\NVIDIA Corporation\NVIDIA NvDLISR;C:\Program Files\nodejs\;C:\Program Files\Microsoft SQL Server\150\Tools\Binn\;C:\WINDOWS\system32;C:\WINDOWS;C:\WINDOWS\System32\Wbem;C:\WINDOWS\System32\WindowsPowerShell\v1.0\;C:\WINDOWS\System32\OpenSSH\;C:\Program Files\IDM Computer Solutions\UltraCompare;C:\Java\jdk1.8.0_202;C:\Program Files\MongoDB\mongosh-2.2.12-win32-x64\bin;C:\hadoop\bin;C:\hadoop\sbin;C:\Program Files\Git\cmd;C:\hive\apache-hive-3.1.3-bin;C:\derby\db-derby-10.14.2.0-bin;C:\Java\jdk1.8.0_202\bin;C:\hive\apache-hive-3.1.3-bin\bin;C:\derby\db-derby-10.14.2.0-bin\bin;C:\Users\Tejas\AppData\Local\Microsoft\WindowsApps;C:\Users\Tejas\AppData\Local\Programs\Microsoft VS Code\bin;C:\Program Files\JetBrains\IntelliJ IDEA Community Edition 2022.2\bin;;C:\Users\Tejas\AppData\Roaming\npm;C:\Program Files\JetBrains\PyCharm Community Edition 2022.2.4\bin;;
USERNAME=Tejas
OS=Windows_NT
PROCESSOR_IDENTIFIER=AMD64 Family 23 Model 96 Stepping 1, AuthenticAMD
TMP=C:\Users\Tejas\AppData\Local\Temp
TEMP=C:\Users\Tejas\AppData\Local\Temp




Periodic native trim disabled

---------------  S Y S T E M  ---------------

OS:
 Windows 11 , 64 bit Build 26100 (10.0.26100.3323)
OS uptime: 0 days 3:49 hours

CPU: total 16 (initial active 16) (16 cores per cpu, 2 threads per core) family 23 model 96 stepping 1 microcode 0x8600106, cx8, cmov, fxsr, ht, mmx, 3dnowpref, sse, sse2, sse3, ssse3, sse4a, sse4.1, sse4.2, popcnt, lzcnt, tsc, tscinvbit, avx, avx2, aes, clmul, bmi1, bmi2, adx, sha, fma, vzeroupper, clflush, clflushopt, rdtscp, rdpid, f16c
Processor Information for the first 16 processors :
  Max Mhz: 2901, Current Mhz: 2901, Mhz Limit: 2901

Memory: 4k page, system-wide physical 7597M (1584M free)
TotalPageFile size 11693M (AvailPageFile size 19M)
current process WorkingSet (physical memory assigned to process): 162M, peak: 163M
current process commit charge ("private bytes"): 280M, peak: 281M

vm_info: OpenJDK 64-Bit Server VM (21.0.6+7-LTS) for windows-amd64 JRE (21.0.6+7-LTS), built on 2025-01-21T00:00:00Z by "admin" with MS VC++ 17.7 (VS2022)

END.
